<?xml version="1.0" encoding="UTF-8" standalone="yes"?><!DOCTYPE report PUBLIC "-//JACOCO//DTD Report 1.1//EN" "report.dtd"><report name="demo"><sessioninfo id="DESKTOP-B31V4SM-c27d61a8" start="1708736631700" dump="1708736633216"/><sessioninfo id="DESKTOP-B31V4SM-477467cc" start="1708737623227" dump="1708737626627"/><sessioninfo id="DESKTOP-B31V4SM-f546760f" start="1708737944956" dump="1708737946165"/><sessioninfo id="DESKTOP-B31V4SM-1b7a2d4d" start="1708738233654" dump="1708738234956"/><sessioninfo id="DESKTOP-B31V4SM-f003e1e1" start="1708738353156" dump="1708738354303"/><sessioninfo id="DESKTOP-B31V4SM-8e8b7f0b" start="1708740087414" dump="1708740090287"/><sessioninfo id="DESKTOP-B31V4SM-bce3cc62" start="1708740324396" dump="1708740351029"/><sessioninfo id="DESKTOP-B31V4SM-1a668312" start="1708740777673" dump="1708740779619"/><sessioninfo id="DESKTOP-B31V4SM-fc3490c5" start="1708741027786" dump="1708741029127"/><sessioninfo id="DESKTOP-B31V4SM-dc0b913f" start="1708741149020" dump="1708741150508"/><sessioninfo id="DESKTOP-B31V4SM-bf32eda2" start="1708741323906" dump="1708741325139"/><sessioninfo id="DESKTOP-B31V4SM-c2303e84" start="1708741491125" dump="1708741492471"/><sessioninfo id="DESKTOP-B31V4SM-efa1ae85" start="1708741620331" dump="1708741621764"/><sessioninfo id="DESKTOP-B31V4SM-4506b5d1" start="1708741867145" dump="1708741868359"/><sessioninfo id="DESKTOP-B31V4SM-6dbced85" start="1708742257609" dump="1708742259950"/><sessioninfo id="DESKTOP-B31V4SM-96484763" start="1708742336483" dump="1708742337675"/><sessioninfo id="DESKTOP-B31V4SM-eb62cb0e" start="1708742979139" dump="1708742980622"/><sessioninfo id="DESKTOP-B31V4SM-6520c464" start="1708743005989" dump="1708743007293"/><sessioninfo id="DESKTOP-B31V4SM-154dd8a9" start="1708743172877" dump="1708743174161"/><sessioninfo id="DESKTOP-B31V4SM-ddfe5096" start="1708989428603" dump="1708989430968"/><sessioninfo id="DESKTOP-B31V4SM-ba4009ad" start="1709438447568" dump="1709438448807"/><sessioninfo id="DESKTOP-B31V4SM-c0d48539" start="1709441413432" dump="1709441416081"/><sessioninfo id="DESKTOP-B31V4SM-a730d9c9" start="1709451482547" dump="1709451484914"/><package name="com/example"><class name="com/example/Calculator" sourcefilename="Calculator.java"><method name="&lt;init&gt;" desc="()V" line="3"><counter type="INSTRUCTION" missed="0" covered="3"/><counter type="LINE" missed="0" covered="1"/><counter type="COMPLEXITY" missed="0" covered="1"/><counter type="METHOD" missed="0" covered="1"/></method><method name="add" desc="([D)D" line="6"><counter type="INSTRUCTION" missed="0" covered="24"/><counter type="BRANCH" missed="0" covered="2"/><counter type="LINE" missed="0" covered="4"/><counter type="COMPLEXITY" missed="0" covered="2"/><counter type="METHOD" missed="0" covered="1"/></method><method name="subtract" desc="([D)D" line="14"><counter type="INSTRUCTION" missed="0" covered="20"/><counter type="BRANCH" missed="0" covered="2"/><counter type="LINE" missed="0" covered="4"/><counter type="COMPLEXITY" missed="0" covered="2"/><counter type="METHOD" missed="0" covered="1"/></method><method name="multiply" desc="([D)D" line="22"><counter type="INSTRUCTION" missed="0" covered="24"/><counter type="BRANCH" missed="0" covered="2"/><counter type="LINE" missed="0" covered="4"/><counter type="COMPLEXITY" missed="0" covered="2"/><counter type="METHOD" missed="0" covered="1"/></method><method name="divide" desc="([D)D" line="30"><counter type="INSTRUCTION" missed="0" covered="45"/><counter type="BRANCH" missed="0" covered="6"/><counter type="LINE" missed="0" covered="7"/><counter type="COMPLEXITY" missed="0" covered="4"/><counter type="METHOD" missed="0" covered="1"/></method><counter type="INSTRUCTION" missed="0" covered="116"/><counter type="BRANCH" missed="0" covered="12"/><counter type="LINE" missed="0" covered="20"/><counter type="COMPLEXITY" missed="0" covered="11"/><counter type="METHOD" missed="0" covered="5"/><counter type="CLASS" missed="0" covered="1"/></class><sourcefile name="Calculator.java"><line nr="3" mi="0" ci="3" mb="0" cb="0"/><line nr="6" mi="0" ci="2" mb="0" cb="0"/><line nr="7" mi="0" ci="16" mb="0" cb="2"/><line nr="8" mi="0" ci="4" mb="0" cb="0"/><line nr="10" mi="0" ci="2" mb="0" cb="0"/><line nr="14" mi="0" ci="4" mb="0" cb="0"/><line nr="15" mi="0" ci="8" mb="0" cb="2"/><line nr="16" mi="0" ci="6" mb="0" cb="0"/><line nr="18" mi="0" ci="2" mb="0" cb="0"/><line nr="22" mi="0" ci="2" mb="0" cb="0"/><line nr="23" mi="0" ci="16" mb="0" cb="2"/><line nr="24" mi="0" ci="4" mb="0" cb="0"/><line nr="26" mi="0" ci="2" mb="0" cb="0"/><line nr="30" mi="0" ci="16" mb="0" cb="2"/><line nr="31" mi="0" ci="4" mb="0" cb="2"/><line nr="32" mi="0" ci="5" mb="0" cb="0"/><line nr="36" mi="0" ci="4" mb="0" cb="0"/><line nr="37" mi="0" ci="8" mb="0" cb="2"/><line nr="38" mi="0" ci="6" mb="0" cb="0"/><line nr="40" mi="0" ci="2" mb="0" cb="0"/><counter type="INSTRUCTION" missed="0" covered="116"/><counter type="BRANCH" missed="0" covered="12"/><counter type="LINE" missed="0" covered="20"/><counter type="COMPLEXITY" missed="0" covered="11"/><counter type="METHOD" missed="0" covered="5"/><counter type="CLASS" missed="0" covered="1"/></sourcefile><counter type="INSTRUCTION" missed="0" covered="116"/><counter type="BRANCH" missed="0" covered="12"/><counter type="LINE" missed="0" covered="20"/><counter type="COMPLEXITY" missed="0" covered="11"/><counter type="METHOD" missed="0" covered="5"/><counter type="CLASS" missed="0" covered="1"/></package><counter type="INSTRUCTION" missed="0" covered="116"/><counter type="BRANCH" missed="0" covered="12"/><counter type="LINE" missed="0" covered="20"/><counter type="COMPLEXITY" missed="0" covered="11"/><counter type="METHOD" missed="0" covered="5"/><counter type="CLASS" missed="0" covered="1"/></report>